C:\Users\AT11-大井川和真\Desktop\授業\4年\ケーススタディ\gameProgram\Debug\cl.command.1.tlog
C:\Users\AT11-大井川和真\Desktop\授業\4年\ケーススタディ\gameProgram\Debug\CL.read.1.tlog
C:\Users\AT11-大井川和真\Desktop\授業\4年\ケーススタディ\gameProgram\Debug\CL.write.1.tlog
C:\USERS\AT11-大井川和真\DESKTOP\授業\4年\ケーススタディ\GAMEPROGRAM\DEBUG\DEBUGPROC.OBJ
C:\USERS\AT11-大井川和真\DESKTOP\授業\4年\ケーススタディ\GAMEPROGRAM\DEBUG\DIRECTX.EXE
C:\USERS\AT11-大井川和真\DESKTOP\授業\4年\ケーススタディ\GAMEPROGRAM\DEBUG\DIRECTX.EXE.EMBED.MANIFEST
C:\USERS\AT11-大井川和真\DESKTOP\授業\4年\ケーススタディ\GAMEPROGRAM\DEBUG\DIRECTX.EXE.EMBED.MANIFEST.RES
C:\USERS\AT11-大井川和真\DESKTOP\授業\4年\ケーススタディ\GAMEPROGRAM\DEBUG\DIRECTX.EXE.INTERMEDIATE.MANIFEST
C:\USERS\AT11-大井川和真\DESKTOP\授業\4年\ケーススタディ\GAMEPROGRAM\DEBUG\DIRECTX.ILK
C:\USERS\AT11-大井川和真\DESKTOP\授業\4年\ケーススタディ\GAMEPROGRAM\DEBUG\DIRECTX.PDB
C:\Users\AT11-大井川和真\Desktop\授業\4年\ケーススタディ\gameProgram\Debug\directX.write.1.tlog
C:\Users\AT11-大井川和真\Desktop\授業\4年\ケーススタディ\gameProgram\Debug\directX_manifest.rc
C:\USERS\AT11-大井川和真\DESKTOP\授業\4年\ケーススタディ\GAMEPROGRAM\DEBUG\FADE.OBJ
C:\USERS\AT11-大井川和真\DESKTOP\授業\4年\ケーススタディ\GAMEPROGRAM\DEBUG\GAME.OBJ
C:\USERS\AT11-大井川和真\DESKTOP\授業\4年\ケーススタディ\GAMEPROGRAM\DEBUG\GOAL.OBJ
C:\USERS\AT11-大井川和真\DESKTOP\授業\4年\ケーススタディ\GAMEPROGRAM\DEBUG\IMPORT.OBJ
C:\USERS\AT11-大井川和真\DESKTOP\授業\4年\ケーススタディ\GAMEPROGRAM\DEBUG\INPUT.OBJ
C:\USERS\AT11-大井川和真\DESKTOP\授業\4年\ケーススタディ\GAMEPROGRAM\DEBUG\INPUTKEYBOARD.OBJ
C:\USERS\AT11-大井川和真\DESKTOP\授業\4年\ケーススタディ\GAMEPROGRAM\DEBUG\INPUTPADX.OBJ
C:\Users\AT11-大井川和真\Desktop\授業\4年\ケーススタディ\gameProgram\Debug\link.3508.read.1.tlog
C:\Users\AT11-大井川和真\Desktop\授業\4年\ケーススタディ\gameProgram\Debug\link.3508.write.1.tlog
C:\Users\AT11-大井川和真\Desktop\授業\4年\ケーススタディ\gameProgram\Debug\link.3508-cvtres.read.1.tlog
C:\Users\AT11-大井川和真\Desktop\授業\4年\ケーススタディ\gameProgram\Debug\link.3508-cvtres.write.1.tlog
C:\Users\AT11-大井川和真\Desktop\授業\4年\ケーススタディ\gameProgram\Debug\link.command.1.tlog
C:\Users\AT11-大井川和真\Desktop\授業\4年\ケーススタディ\gameProgram\Debug\link.read.1.tlog
C:\Users\AT11-大井川和真\Desktop\授業\4年\ケーススタディ\gameProgram\Debug\link.write.1.tlog
C:\Users\AT11-大井川和真\Desktop\授業\4年\ケーススタディ\gameProgram\Debug\link-cvtres.read.1.tlog
C:\Users\AT11-大井川和真\Desktop\授業\4年\ケーススタディ\gameProgram\Debug\link-cvtres.write.1.tlog
C:\USERS\AT11-大井川和真\DESKTOP\授業\4年\ケーススタディ\GAMEPROGRAM\DEBUG\LISTOBJECT.OBJ
C:\USERS\AT11-大井川和真\DESKTOP\授業\4年\ケーススタディ\GAMEPROGRAM\DEBUG\MAIN.OBJ
C:\USERS\AT11-大井川和真\DESKTOP\授業\4年\ケーススタディ\GAMEPROGRAM\DEBUG\MANAGER.OBJ
C:\Users\AT11-大井川和真\Desktop\授業\4年\ケーススタディ\gameProgram\Debug\mt.command.1.tlog
C:\Users\AT11-大井川和真\Desktop\授業\4年\ケーススタディ\gameProgram\Debug\mt.read.1.tlog
C:\Users\AT11-大井川和真\Desktop\授業\4年\ケーススタディ\gameProgram\Debug\mt.write.1.tlog
C:\USERS\AT11-大井川和真\DESKTOP\授業\4年\ケーススタディ\GAMEPROGRAM\DEBUG\PHASE.OBJ
C:\Users\AT11-大井川和真\Desktop\授業\4年\ケーススタディ\gameProgram\Debug\rc.command.1.tlog
C:\Users\AT11-大井川和真\Desktop\授業\4年\ケーススタディ\gameProgram\Debug\rc.read.1.tlog
C:\Users\AT11-大井川和真\Desktop\授業\4年\ケーススタディ\gameProgram\Debug\rc.write.1.tlog
C:\USERS\AT11-大井川和真\DESKTOP\授業\4年\ケーススタディ\GAMEPROGRAM\DEBUG\RENDERER.OBJ
C:\USERS\AT11-大井川和真\DESKTOP\授業\4年\ケーススタディ\GAMEPROGRAM\DEBUG\RESULT.OBJ
C:\USERS\AT11-大井川和真\DESKTOP\授業\4年\ケーススタディ\GAMEPROGRAM\DEBUG\SCENE.OBJ
C:\USERS\AT11-大井川和真\DESKTOP\授業\4年\ケーススタディ\GAMEPROGRAM\DEBUG\SCENE2D.OBJ
C:\USERS\AT11-大井川和真\DESKTOP\授業\4年\ケーススタディ\GAMEPROGRAM\DEBUG\TITLE.OBJ
C:\Users\AT11-大井川和真\Desktop\授業\4年\ケーススタディ\gameProgram\Debug\vc100.idb
C:\USERS\AT11-大井川和真\DESKTOP\授業\4年\ケーススタディ\GAMEPROGRAM\DEBUG\VC100.PDB
C:\Users\AT11-大井川和真\Desktop\授業\4年\ケーススタディ\gameProgram\Debug\win32Project.vcxprojResolveAssemblyReference.cache
