2015/06/05 16:27:37 にビルドを開始しました。
     1>ノード 2 上のプロジェクト "C:\Users\ths25012\Documents\GitProject\CaseStudy\gameProgram\win32Project.vcxproj" (build ターゲット)。
     1>InitializeBuildStatus:
         "AlwaysCreate" が指定されたため "Debug\directX.unsuccessfulbuild" を作成しています。
       ClCompile:
         c:\Program Files (x86)\Microsoft Visual Studio 10.0\VC\bin\CL.exe /c /ZI /nologo /W3 /WX- /Od /Oy- /D WIN32 /D _DEBUG /D _WINDOWS /D _MBCS /Gm /EHsc /RTC1 /MTd /GS /fp:precise /Zc:wchar_t /Zc:forScope /Fo"Debug\\" /Fd"Debug\vc100.pdb" /Gd /TP /analyze- /errorReport:prompt character_player.cpp character_vehicle.cpp game.cpp
         character_player.cpp
         コードを生成中...
         コンパイル中...
         game.cpp
         character_vehicle.cpp
         コードを生成中...
       ManifestResourceCompile:
         すべての出力が最新のものです。
       Link:
         c:\Program Files (x86)\Microsoft Visual Studio 10.0\VC\bin\link.exe /ERRORREPORT:PROMPT /OUT:"C:\Users\ths25012\Documents\GitProject\CaseStudy\gameProgram\Debug\directX.exe" /INCREMENTAL /NOLOGO kernel32.lib user32.lib gdi32.lib winspool.lib comdlg32.lib advapi32.lib shell32.lib ole32.lib oleaut32.lib uuid.lib odbc32.lib odbccp32.lib /MANIFEST /ManifestFile:"Debug\directX.exe.intermediate.manifest" /MANIFESTUAC:"level='asInvoker' uiAccess='false'" /DEBUG /PDB:"C:\Users\ths25012\Documents\GitProject\CaseStudy\gameProgram\Debug\directX.pdb" /SUBSYSTEM:WINDOWS /TLBID:1 /DYNAMICBASE /NXCOMPAT /IMPLIB:"C:\Users\ths25012\Documents\GitProject\CaseStudy\gameProgram\Debug\directX.lib" /MACHINE:X86 Debug\directX.exe.embed.manifest.res
         Debug\background.obj
         Debug\character_player.obj
         Debug\character_vehicle.obj
         Debug\debugproc.obj
         Debug\fade.obj
         Debug\game.obj
         Debug\goal.obj
         Debug\import.obj
         Debug\input.obj
         Debug\inputKeyboard.obj
         Debug\inputPadDirect.obj
         Debug\inputPadX.obj
         Debug\math_animation.obj
         Debug\sky.obj
         Debug\listObject.obj
         Debug\main.obj
         Debug\manager.obj
         Debug\phase.obj
         Debug\renderer.obj
         Debug\result.obj
         Debug\scene.obj
         Debug\scene2D.obj
         Debug\stumbler.obj
         Debug\title.obj
       Manifest:
         C:\Program Files (x86)\Microsoft SDKs\Windows\v7.0A\bin\mt.exe /nologo /verbose /out:"Debug\directX.exe.embed.manifest" /manifest Debug\directX.exe.intermediate.manifest
         すべての出力が最新のものです。
       LinkEmbedManifest:
         すべての出力が最新のものです。
         win32Project.vcxproj -> C:\Users\ths25012\Documents\GitProject\CaseStudy\gameProgram\Debug\directX.exe
       FinalizeBuildStatus:
         ファイル "Debug\directX.unsuccessfulbuild" を削除しています。
         "Debug\directX.lastbuildstate" のタッチ タスクを実行しています。
     1>プロジェクト "C:\Users\ths25012\Documents\GitProject\CaseStudy\gameProgram\win32Project.vcxproj" (build ターゲット) のビルドが完了しました。

ビルドに成功しました。

経過時間 00:00:04.35
