2015/06/05 16:30:20 にビルドを開始しました。
     1>ノード 2 上のプロジェクト "C:\Users\AT11-大井川和真\Desktop\授業\4年\ケーススタディ\gameProgram\win32Project.vcxproj" (build ターゲット)。
     1>InitializeBuildStatus:
         "AlwaysCreate" が指定されたため "Release\directX.unsuccessfulbuild" を作成しています。
       ClCompile:
         C:\Program Files (x86)\Microsoft Visual Studio 10.0\VC\bin\CL.exe /c /Zi /nologo /W3 /WX- /O2 /Oi /Oy- /GL /D WIN32 /D NDEBUG /D _WINDOWS /D _MBCS /Gm- /EHsc /MD /GS /Gy /fp:precise /Zc:wchar_t /Zc:forScope /Fo"Release\\" /Fd"Release\vc100.pdb" /Gd /TP /analyze- /errorReport:prompt background.cpp character_player.cpp character_vehicle.cpp debugproc.cpp fade.cpp game.cpp goal.cpp import.cpp input.cpp inputKeyboard.cpp inputPadDirect.cpp inputPadX.cpp math_animation.cpp sky.cpp listObject.cpp main.cpp manager.cpp phase.cpp renderer.cpp result.cpp scene.cpp scene2D.cpp stumbler.cpp title.cpp
         background.cpp
         character_player.cpp
         character_vehicle.cpp
         debugproc.cpp
         fade.cpp
         game.cpp
         goal.cpp
         import.cpp
         input.cpp
         inputKeyboard.cpp
         inputPadDirect.cpp
         inputPadX.cpp
         math_animation.cpp
         sky.cpp
         listObject.cpp
         main.cpp
         manager.cpp
         phase.cpp
         renderer.cpp
         result.cpp
         コンパイル中...
         scene.cpp
         scene2D.cpp
         stumbler.cpp
         title.cpp
       Link:
         C:\Program Files (x86)\Microsoft Visual Studio 10.0\VC\bin\link.exe /ERRORREPORT:PROMPT /OUT:"C:\Users\AT11-大井川和真\Desktop\授業\4年\ケーススタディ\gameProgram\Release\directX.exe" /INCREMENTAL:NO /NOLOGO kernel32.lib user32.lib gdi32.lib winspool.lib comdlg32.lib advapi32.lib shell32.lib ole32.lib oleaut32.lib uuid.lib odbc32.lib odbccp32.lib /MANIFEST /ManifestFile:"Release\directX.exe.intermediate.manifest" /MANIFESTUAC:"level='asInvoker' uiAccess='false'" /DEBUG /PDB:"C:\Users\AT11-大井川和真\Desktop\授業\4年\ケーススタディ\gameProgram\Release\directX.pdb" /SUBSYSTEM:WINDOWS /OPT:REF /OPT:ICF /LTCG /TLBID:1 /DYNAMICBASE /NXCOMPAT /IMPLIB:"C:\Users\AT11-大井川和真\Desktop\授業\4年\ケーススタディ\gameProgram\Release\directX.lib" /MACHINE:X86 Release\background.obj
         Release\character_player.obj
         Release\character_vehicle.obj
         Release\debugproc.obj
         Release\fade.obj
         Release\game.obj
         Release\goal.obj
         Release\import.obj
         Release\input.obj
         Release\inputKeyboard.obj
         Release\inputPadDirect.obj
         Release\inputPadX.obj
         Release\math_animation.obj
         Release\sky.obj
         Release\listObject.obj
         Release\main.obj
         Release\manager.obj
         Release\phase.obj
         Release\renderer.obj
         Release\result.obj
         Release\scene.obj
         Release\scene2D.obj
         Release\stumbler.obj
         Release\title.obj
         コード生成しています。
         コード生成が終了しました。
         win32Project.vcxproj -> C:\Users\AT11-大井川和真\Desktop\授業\4年\ケーススタディ\gameProgram\Release\directX.exe
       Manifest:
         C:\Program Files (x86)\Microsoft SDKs\Windows\v7.0A\bin\mt.exe /nologo /verbose /outputresource:"C:\Users\AT11-大井川和真\Desktop\授業\4年\ケーススタディ\gameProgram\Release\directX.exe;#1" /manifest Release\directX.exe.intermediate.manifest
       FinalizeBuildStatus:
         ファイル "Release\directX.unsuccessfulbuild" を削除しています。
         "Release\directX.lastbuildstate" のタッチ タスクを実行しています。
     1>プロジェクト "C:\Users\AT11-大井川和真\Desktop\授業\4年\ケーススタディ\gameProgram\win32Project.vcxproj" (build ターゲット) のビルドが完了しました。

ビルドに成功しました。

経過時間 00:00:37.40
